2025-01-14 03:28:57.301 - INFO     - dcm2bids_helper.main | --- dcm2bids_helper start ---
2025-01-14 03:28:57.301 - INFO     - dcm2bids_helper.main | Running the following command: /Users/leopoldogonzalez/miniconda3/bin/dcm2bids_helper -d sourcedata/dcm_qa_nih/In/
2025-01-14 03:28:57.313 - INFO     - dcm2bids_helper.main | OS version: macOS-15.0.1-arm64-arm-64bit
2025-01-14 03:28:57.314 - INFO     - dcm2bids_helper.main | Python version: 3.12.2 | packaged by conda-forge | (main, Feb 16 2024, 20:54:21) [Clang 16.0.6 ]
2025-01-14 03:28:57.314 - INFO     - dcm2bids_helper.main | dcm2bids version: 3.2.0
2025-01-14 03:28:57.323 - INFO     - dcm2bids_helper.main | dcm2niix version: v1.0.20241211
2025-01-14 03:28:57.324 - INFO     - dcm2bids_helper.main | Checking for software update
2025-01-14 03:28:57.647 - INFO     - tools.check_latest | Currently using the latest version of dcm2bids.
2025-01-14 03:28:57.983 - INFO     - tools.check_latest | Currently using the latest version of dcm2niix.
2025-01-14 03:28:57.985 - INFO     - utils.run_shell_command | Running: dcm2niix -b y -ba y -z y -f %3s_%f_%p_%t -o /Users/leopoldogonzalez/dcm2bid/dcm2bids-tutorial/tmp_dcm2bids/helper sourcedata/dcm_qa_nih/In/
2025-01-14 03:28:58.939 - INFO     - dcm2niix_gen.execute | Log from dcm2niix execution
2025-01-14 03:28:58.939 - WARNING  - dcm2niix_gen.execute | Chris Rorden's dcm2niiX version v1.0.20241211  Clang18.1.8 ARM (64-bit MacOS)
Found 608 DICOM file(s)
Convert 150 DICOM as /Users/leopoldogonzalez/dcm2bid/dcm2bids-tutorial/tmp_dcm2bids/helper/006_In_DCM2NIIX_regression_test_20180918114023 (64x64x15x10)
Convert 2 DICOM as /Users/leopoldogonzalez/dcm2bid/dcm2bids-tutorial/tmp_dcm2bids/helper/005_In_EPI_PE=RL_20180918121230 (72x72x5x2)
Convert 150 DICOM as /Users/leopoldogonzalez/dcm2bid/dcm2bids-tutorial/tmp_dcm2bids/helper/004_In_DCM2NIIX_regression_test_20180918114023 (64x64x15x10)
Warning: Issue870: Slice timing range of first volume: range 0..1930, TA= 1930, TR=2435.37 ms)
Warning: Issue870: Slice timing range of 2nd volume: range 0..1932.5, TA= 1932.5, TR=2435.37 ms)
Convert 2 DICOM as /Users/leopoldogonzalez/dcm2bid/dcm2bids-tutorial/tmp_dcm2bids/helper/004_In_EPI_PE=PA_20180918121230 (72x72x5x2)
Convert 150 DICOM as /Users/leopoldogonzalez/dcm2bid/dcm2bids-tutorial/tmp_dcm2bids/helper/007_In_DCM2NIIX_regression_test_20180918114023 (64x64x15x10)
Convert 2 DICOM as /Users/leopoldogonzalez/dcm2bid/dcm2bids-tutorial/tmp_dcm2bids/helper/006_In_EPI_PE=LR_20180918121230 (72x72x5x2)
Convert 2 DICOM as /Users/leopoldogonzalez/dcm2bid/dcm2bids-tutorial/tmp_dcm2bids/helper/003_In_EPI_PE=AP_20180918121230 (72x72x5x2)
Convert 150 DICOM as /Users/leopoldogonzalez/dcm2bid/dcm2bids-tutorial/tmp_dcm2bids/helper/005_In_DCM2NIIX_regression_test_20180918114023 (64x64x15x10)
Conversion required 0.945736 seconds (0.864123 for core code).

2025-01-14 03:28:58.939 - INFO     - dcm2bids_helper.main | Helper files in: /Users/leopoldogonzalez/dcm2bid/dcm2bids-tutorial/tmp_dcm2bids/helper

2025-01-14 03:28:58.939 - INFO     - dcm2bids_helper.main | Log file saved at /Users/leopoldogonzalez/dcm2bid/dcm2bids-tutorial/tmp_dcm2bids/log/helper_20250114-032857.log
2025-01-14 03:28:58.939 - INFO     - dcm2bids_helper.main | --- dcm2bids_helper end ---
