2025-01-14 03:09:44.803 - INFO     - dcm2bids_scaffold.main | --- dcm2bids_scaffold start ---
2025-01-14 03:09:44.803 - INFO     - dcm2bids_scaffold.main | Running the following command: /Users/leopoldogonzalez/miniconda3/bin/dcm2bids_scaffold
2025-01-14 03:09:44.816 - INFO     - dcm2bids_scaffold.main | OS version: macOS-15.0.1-arm64-arm-64bit
2025-01-14 03:09:44.816 - INFO     - dcm2bids_scaffold.main | Python version: 3.12.2 | packaged by conda-forge | (main, Feb 16 2024, 20:54:21) [Clang 16.0.6 ]
2025-01-14 03:09:44.816 - INFO     - dcm2bids_scaffold.main | dcm2bids version: 3.2.0
2025-01-14 03:09:44.816 - INFO     - dcm2bids_scaffold.main | Checking for software update
2025-01-14 03:09:45.184 - INFO     - tools.check_latest | Currently using the latest version of dcm2bids.
2025-01-14 03:09:45.185 - INFO     - dcm2bids_scaffold.main | The files used to create your BIDS directory were taken from https://github.com/bids-standard/bids-starter-kit. 

2025-01-14 03:09:45.195 - INFO     - utils.print_tree | Tree representation of /Users/leopoldogonzalez/dcm2bid/dcm2bids-tutorial/
2025-01-14 03:09:45.195 - INFO     - utils.print_tree | /Users/leopoldogonzalez/dcm2bid/dcm2bids-tutorial/
2025-01-14 03:09:45.195 - INFO     - utils.print_tree | ├── code/
2025-01-14 03:09:45.196 - INFO     - utils.print_tree | ├── derivatives/
2025-01-14 03:09:45.196 - INFO     - utils.print_tree | ├── sourcedata/
2025-01-14 03:09:45.196 - INFO     - utils.print_tree | ├── tmp_dcm2bids/
2025-01-14 03:09:45.196 - INFO     - utils.print_tree | │   └── log/
2025-01-14 03:09:45.196 - INFO     - utils.print_tree | │       └── scaffold_20250114-030944.log
2025-01-14 03:09:45.196 - INFO     - utils.print_tree | ├── .bidsignore
2025-01-14 03:09:45.196 - INFO     - utils.print_tree | ├── CHANGES
2025-01-14 03:09:45.196 - INFO     - utils.print_tree | ├── dataset_description.json
2025-01-14 03:09:45.196 - INFO     - utils.print_tree | ├── participants.json
2025-01-14 03:09:45.196 - INFO     - utils.print_tree | ├── participants.tsv
2025-01-14 03:09:45.196 - INFO     - utils.print_tree | └── README
2025-01-14 03:09:45.196 - INFO     - dcm2bids_scaffold.main | Log file saved at /Users/leopoldogonzalez/dcm2bid/dcm2bids-tutorial/tmp_dcm2bids/log/scaffold_20250114-030944.log
2025-01-14 03:09:45.196 - INFO     - dcm2bids_scaffold.main | --- dcm2bids_scaffold end ---
