2025-01-14 03:50:30.361 - INFO     - dcm2bids.main | --- dcm2bids start ---
2025-01-14 03:50:30.361 - INFO     - dcm2bids.main | Running the following command: /Users/leopoldogonzalez/miniconda3/bin/dcm2bids -d sourcedata/dcm_qa_nih/In/ -p ID01 -c code/dcm2bids_config.json --auto_extract_entities
2025-01-14 03:50:30.370 - INFO     - dcm2bids.main | OS version: macOS-15.0.1-arm64-arm-64bit
2025-01-14 03:50:30.371 - INFO     - dcm2bids.main | Python version: 3.12.2 | packaged by conda-forge | (main, Feb 16 2024, 20:54:21) [Clang 16.0.6 ]
2025-01-14 03:50:30.371 - INFO     - dcm2bids.main | dcm2bids version: 3.2.0
2025-01-14 03:50:30.377 - INFO     - dcm2bids.main | dcm2niix version: v1.0.20241211
2025-01-14 03:50:30.377 - INFO     - dcm2bids.main | Checking for software update
2025-01-14 03:50:30.701 - INFO     - tools.check_latest | Currently using the latest version of dcm2bids.
2025-01-14 03:50:30.997 - INFO     - tools.check_latest | Currently using the latest version of dcm2niix.
2025-01-14 03:50:30.998 - INFO     - dcm2bids.main | participant: sub-ID01
2025-01-14 03:50:30.998 - INFO     - dcm2bids.main | config: /Users/leopoldogonzalez/dcm2bid/dcm2bids-tutorial/code/dcm2bids_config.json
2025-01-14 03:50:30.999 - INFO     - dcm2bids.main | BIDS directory: /Users/leopoldogonzalez/dcm2bid/dcm2bids-tutorial
2025-01-14 03:50:30.999 - INFO     - dcm2bids.main | Auto extract entities: True
2025-01-14 03:50:30.999 - INFO     - dcm2bids.main | Reorder entities: True
2025-01-14 03:50:30.999 - INFO     - dcm2bids.main | Validate BIDS: False

2025-01-14 03:50:31.02 - INFO     - utils.run_shell_command | Running: dcm2niix -b y -ba y -z y -f %3s_%f_%p_%t -o /Users/leopoldogonzalez/dcm2bid/dcm2bids-tutorial/tmp_dcm2bids/sub-ID01 sourcedata/dcm_qa_nih/In
2025-01-14 03:50:31.955 - INFO     - dcm2niix_gen.execute | Log from dcm2niix execution
2025-01-14 03:50:31.955 - WARNING  - dcm2niix_gen.execute | Chris Rorden's dcm2niiX version v1.0.20241211  Clang18.1.8 ARM (64-bit MacOS)
Found 608 DICOM file(s)
Convert 150 DICOM as /Users/leopoldogonzalez/dcm2bid/dcm2bids-tutorial/tmp_dcm2bids/sub-ID01/006_In_DCM2NIIX_regression_test_20180918114023 (64x64x15x10)
Convert 2 DICOM as /Users/leopoldogonzalez/dcm2bid/dcm2bids-tutorial/tmp_dcm2bids/sub-ID01/005_In_EPI_PE=RL_20180918121230 (72x72x5x2)
Convert 150 DICOM as /Users/leopoldogonzalez/dcm2bid/dcm2bids-tutorial/tmp_dcm2bids/sub-ID01/004_In_DCM2NIIX_regression_test_20180918114023 (64x64x15x10)
Warning: Issue870: Slice timing range of first volume: range 0..1930, TA= 1930, TR=2435.37 ms)
Warning: Issue870: Slice timing range of 2nd volume: range 0..1932.5, TA= 1932.5, TR=2435.37 ms)
Convert 2 DICOM as /Users/leopoldogonzalez/dcm2bid/dcm2bids-tutorial/tmp_dcm2bids/sub-ID01/004_In_EPI_PE=PA_20180918121230 (72x72x5x2)
Convert 150 DICOM as /Users/leopoldogonzalez/dcm2bid/dcm2bids-tutorial/tmp_dcm2bids/sub-ID01/007_In_DCM2NIIX_regression_test_20180918114023 (64x64x15x10)
Convert 2 DICOM as /Users/leopoldogonzalez/dcm2bid/dcm2bids-tutorial/tmp_dcm2bids/sub-ID01/006_In_EPI_PE=LR_20180918121230 (72x72x5x2)
Convert 2 DICOM as /Users/leopoldogonzalez/dcm2bid/dcm2bids-tutorial/tmp_dcm2bids/sub-ID01/003_In_EPI_PE=AP_20180918121230 (72x72x5x2)
Convert 150 DICOM as /Users/leopoldogonzalez/dcm2bid/dcm2bids-tutorial/tmp_dcm2bids/sub-ID01/005_In_DCM2NIIX_regression_test_20180918114023 (64x64x15x10)
Conversion required 0.945913 seconds (0.864853 for core code).

2025-01-14 03:50:31.956 - INFO     - sidecar.build_acquisitions | SIDECAR PAIRING
2025-01-14 03:50:31.956 - INFO     - sidecar.build_acquisitions | sub-ID01_task-rest_bold  <-  004_In_DCM2NIIX_regression_test_20180918114023
2025-01-14 03:50:31.957 - INFO     - sidecar.build_acquisitions | No Pairing  <-  005_In_DCM2NIIX_regression_test_20180918114023
2025-01-14 03:50:31.957 - INFO     - sidecar.build_acquisitions | No Pairing  <-  006_In_DCM2NIIX_regression_test_20180918114023
2025-01-14 03:50:31.957 - INFO     - sidecar.build_acquisitions | No Pairing  <-  007_In_DCM2NIIX_regression_test_20180918114023
2025-01-14 03:50:31.957 - INFO     - sidecar.build_acquisitions | sub-ID01_dir-AP_epi  <-  003_In_EPI_PE=AP_20180918121230
2025-01-14 03:50:31.957 - INFO     - sidecar.build_acquisitions | sub-ID01_dir-PA_epi  <-  004_In_EPI_PE=PA_20180918121230
2025-01-14 03:50:31.957 - INFO     - sidecar.build_acquisitions | sub-ID01_dir-RL_epi  <-  005_In_EPI_PE=RL_20180918121230
2025-01-14 03:50:31.957 - INFO     - sidecar.build_acquisitions | sub-ID01_dir-LR_epi  <-  006_In_EPI_PE=LR_20180918121230
2025-01-14 03:50:31.957 - INFO     - dcm2bids_gen.run | Moving acquisitions into BIDS folder "/Users/leopoldogonzalez/dcm2bid/dcm2bids-tutorial/sub-ID01".

2025-01-14 03:50:31.959 - INFO     - dcm2bids.main | Logs saved in /Users/leopoldogonzalez/dcm2bid/dcm2bids-tutorial/tmp_dcm2bids/log/sub-ID01_20250114-035030.log
2025-01-14 03:50:31.959 - INFO     - dcm2bids.main | --- dcm2bids end ---
