2025-01-14 10:39:05.974 - INFO     - dcm2bids_scaffold.main | --- dcm2bids_scaffold start ---
2025-01-14 10:39:05.974 - INFO     - dcm2bids_scaffold.main | Running the following command: /home/jmartinez/.local/bin/dcm2bids_scaffold -o bids_project
2025-01-14 10:39:05.986 - INFO     - dcm2bids_scaffold.main | OS version: Linux-5.15.0-126-generic-x86_64-with-glibc2.29
2025-01-14 10:39:05.986 - INFO     - dcm2bids_scaffold.main | Python version: 3.8.10 (default, Nov  7 2024, 13:10:47) [GCC 9.4.0]
2025-01-14 10:39:05.986 - INFO     - dcm2bids_scaffold.main | dcm2bids version: 3.2.0
2025-01-14 10:39:05.986 - INFO     - dcm2bids_scaffold.main | Checking for software update
2025-01-14 10:39:06.309 - INFO     - tools.check_latest | Currently using the latest version of dcm2bids.
2025-01-14 10:39:06.310 - INFO     - dcm2bids_scaffold.main | The files used to create your BIDS directory were taken from https://github.com/bids-standard/bids-starter-kit. 

2025-01-14 10:39:06.530 - INFO     - utils.print_tree | Tree representation of bids_project/
2025-01-14 10:39:06.530 - INFO     - utils.print_tree | bids_project/
2025-01-14 10:39:06.530 - INFO     - utils.print_tree | ├── code/
2025-01-14 10:39:06.530 - INFO     - utils.print_tree | ├── derivatives/
2025-01-14 10:39:06.530 - INFO     - utils.print_tree | ├── sourcedata/
2025-01-14 10:39:06.530 - INFO     - utils.print_tree | ├── tmp_dcm2bids/
2025-01-14 10:39:06.531 - INFO     - utils.print_tree | │   └── log/
2025-01-14 10:39:06.531 - INFO     - utils.print_tree | │       └── scaffold_20250114-103905.log
2025-01-14 10:39:06.531 - INFO     - utils.print_tree | ├── .bidsignore
2025-01-14 10:39:06.531 - INFO     - utils.print_tree | ├── CHANGES
2025-01-14 10:39:06.531 - INFO     - utils.print_tree | ├── dataset_description.json
2025-01-14 10:39:06.531 - INFO     - utils.print_tree | ├── participants.json
2025-01-14 10:39:06.531 - INFO     - utils.print_tree | ├── participants.tsv
2025-01-14 10:39:06.531 - INFO     - utils.print_tree | └── README
2025-01-14 10:39:06.532 - INFO     - dcm2bids_scaffold.main | Log file saved at bids_project/tmp_dcm2bids/log/scaffold_20250114-103905.log
2025-01-14 10:39:06.532 - INFO     - dcm2bids_scaffold.main | --- dcm2bids_scaffold end ---
